{
  "RSpec": {
    "coverage": {
      "/Users/joelstimson/Documents/Programming/Ruby/uncoil/lib/uncoil.rb": [
        null,
        null,
        1,
        1,
        1,
        1,
        null,
        1,
        1,
        1,
        1,
        1,
        null,
        null,
        null,
        null,
        1,
        19,
        19,
        null,
        null,
        1,
        10,
        10,
        null,
        null,
        1,
        18,
        18,
        18,
        null,
        null,
        1,
        null,
        6,
        8,
        8,
        8,
        null,
        8,
        8,
        0,
        null,
        2,
        null,
        2,
        null,
        3,
        null,
        null,
        0,
        0,
        null,
        null,
        7,
        null,
        null,
        5,
        null,
        null,
        1,
        12,
        null,
        null,
        1,
        4,
        null,
        null,
        1,
        6,
        null,
        null,
        1,
        10,
        10,
        null,
        10,
        4,
        6,
        null,
        null,
        null
      ]
    },
    "timestamp": 1321415828
  }
}
