{
  "RSpec": {
    "coverage": {
      "/Users/joelstimson/Documents/Programming/Ruby/uncoil/lib/uncoil.rb": [
        null,
        null,
        1,
        1,
        1,
        1,
        null,
        1,
        1,
        1,
        1,
        1,
        null,
        null,
        null,
        null,
        1,
        21,
        21,
        null,
        null,
        1,
        12,
        12,
        null,
        null,
        1,
        20,
        20,
        20,
        null,
        null,
        1,
        null,
        8,
        10,
        10,
        10,
        null,
        10,
        9,
        0,
        null,
        2,
        null,
        2,
        null,
        3,
        null,
        null,
        1,
        null,
        null,
        null,
        8,
        null,
        null,
        6,
        null,
        null,
        1,
        13,
        null,
        null,
        1,
        4,
        null,
        null,
        1,
        6,
        null,
        null,
        1,
        10,
        10,
        null,
        10,
        4,
        6,
        null,
        null,
        null
      ]
    },
    "timestamp": 1321412788
  }
}
